Last Not Complete Stopped@Line 111 |Cut Mode|  Elapsed: 00:01:52  ConsoleMvSpeed 76.2  FileEndSpeed 12.7    22:45:10  05-27-2020
 File Completed:No  Ln:111 Max: 720.12, 241.30, 3193.35, 1000.00, 1000.00  Min: 720.12,- 2392.26, 609.60,- 1000.00,- 1000.00  Offset:no  Brks=1  TBCs: .000, .000, .000, .000, .000  Props: 1.000, 1.000, 1.000, 1.000, 1.000
Last Not Complete Stopped@Line 111 |Cut Mode|  Elapsed: 00:01:27  ConsoleMvSpeed 76.2  FileEndSpeed 12.7    22:46:46  05-27-2020
 File Completed:No  Ln:111 Max: 720.12, 241.30, 3278.57, 1000.00, 1000.00  Min: 720.12,- 2323.66, 609.60,- 1000.00,- 1000.00  Offset:no  Brks=1  TBCs: .000, .000, .000, .000, .000  Props: 1.000, 1.000, 1.000, 1.000, 1.000
Last Not Complete Stopped@Line 113 |Cut Mode|  Elapsed: 00:00:59  ConsoleMvSpeed 76.2  FileEndSpeed 12.7    22:56:13  05-27-2020
 File Completed:No  Ln:113 Max: 279.99, 241.07, 3338.04, 1000.00, 1000.00  Min: 279.99,- 2468.26, 609.60,- 1000.00,- 1000.00  Offset:no  Brks=1  TBCs: .000, .000, .000, .000, .000  Props: 1.000, 1.000, 1.000, 1.000, 1.000
Last Not Complete Stopped@Line 113 |Cut Mode|  Elapsed: 00:01:16  ConsoleMvSpeed 76.2  FileEndSpeed 12.7    22:58:55  05-27-2020
 File Completed:No  Ln:113 Max: 0.00, 241.29, 3497.67, 1000.00, 1000.00  Min: 0.00,- 2540.00, 609.60,- 1000.00,- 1000.00  Offset:no  Brks=1  TBCs: .000, .000, .000, .000, .000  Props: 1.000, 1.000, 1.000, 1.000, 1.000
Last Complete  |Cut Mode|  Elapsed: 00:00:47  ConsoleMvSpeed 76.2  FileEndSpeed 12.7    22:59:52  05-27-2020
 File Completed:Yes Ln:62 Max: 0.00, 241.29, 3497.68, 1000.00, 1000.00  Min: 0.00,- 2432.94, 609.60,- 1000.00,- 1000.00  Offset:no  Brks=0  TBCs: .000, .000, .000, .000, .000  Props: 1.000, 1.000, 1.000, 1.000, 1.000
Last Complete  |Cut Mode|  Elapsed: 00:00:50  ConsoleMvSpeed 76.2  FileEndSpeed 12.7    19:27:55  05-28-2020
 File Completed:Yes Ln:63 Max: 700.00, 241.29, 3512.14, 1000.00, 1000.00  Min: 700.00,- 2540.00, 609.60,- 1000.00,- 1000.00  Offset:no  Brks=0  TBCs: .000, .000, .000, .000, .000  Props: 1.000, 1.000, 1.000, 1.000, 1.000
Last Not Complete Stopped@Line 112 |Cut Mode|  Elapsed: 00:01:10  ConsoleMvSpeed 76.2  FileEndSpeed 12.7    20:17:03  05-28-2020
 File Completed:No  Ln:112 Max: 0.00, 0.00, 2719.26, 1000.00, 1000.00  Min: 0.00,- 2879.82, 270.57,- 1000.00,- 1000.00  Offset:no  Brks=1  TBCs: 727.386, 581.133, 637.656, .000, .000  Props: 1.000, 1.000, 1.000, 1.000, 1.000
Last Complete  |Cut Mode|  Elapsed: 00:00:42  ConsoleMvSpeed 76.2  FileEndSpeed 12.7    20:19:06  05-28-2020
 File Completed:Yes Ln:60 Max: 0.00,- 12.70, 2840.29, 1000.00, 1000.00  Min: 0.00,- 3060.89, 300.57,- 1000.00,- 1000.00  Offset:no  Brks=0  TBCs: 727.386, 581.133, 637.656, .000, .000  Props: 1.000, 1.000, 1.000, 1.000, 1.000
Last Not Complete Stopped@Line 102 |Cut Mode|  Elapsed: 00:01:31  ConsoleMvSpeed 76.2  FileEndSpeed 12.7    22:10:19  05-28-2020
 File Completed:No  Ln:102 Max: 0.00, 12.53, 2822.48, 1000.00, 1000.00  Min: 0.00,- 2540.00, 248.55,- 1000.00,- 1000.00  Offset:no  Brks=1  TBCs: .000, .000, .000, .000, .000  Props: 1.000, 1.000, 1.000, 1.000, 1.000
Last Complete  |Cut Mode|  Elapsed: 00:00:51  ConsoleMvSpeed 3  FileEndSpeed .5    22:12:03  05-28-2020
 File Completed:Yes Ln:76 Max: 0.50, 19.51, 109.79, 1000.00, 1000.00  Min:- 100.00,- 80.48, 11.12,- 1000.00,- 1000.00  Offset:no  Brks=0  TBCs: .000, .000, .000, .000, .000  Props: 1.000, 1.000, 1.000, 1.000, 1.000
Last Complete  |Cut Mode|  Elapsed: 00:00:42  ConsoleMvSpeed 3  FileEndSpeed .5    22:16:24  05-28-2020
 File Completed:Yes Ln:60 Max: 0.00, 9.86, 111.12, 1000.00, 1000.00  Min: 0.00,- 90.50, 9.79,- 1000.00,- 1000.00  Offset:no  Brks=0  TBCs: .000, .000, .000, .000, .000  Props: 1.000, 1.000, 1.000, 1.000, 1.000
Last Not Complete Stopped@Line 96 |Cut Mode|  Elapsed: 00:00:20  ConsoleMvSpeed 3  FileEndSpeed .5    22:17:08  05-28-2020
 File Completed:No  Ln:96 Max: 0.00, 3.82, 109.79, 1000.00, 1000.00  Min: 0.00,- 96.18, 9.79,- 1000.00,- 1000.00  Offset:no  Brks=1  TBCs: .000, .000, .000, .000, .000  Props: 1.000, 1.000, 1.000, 1.000, 1.000
Last Complete  |Cut Mode|  Elapsed: 00:00:40  ConsoleMvSpeed 3  FileEndSpeed .5    22:18:19  05-28-2020
 File Completed:Yes Ln:60 Max: 0.00, 10.06, 109.79, 1000.00, 1000.00  Min: 0.00,- 93.11, 9.79,- 1000.00,- 1000.00  Offset:no  Brks=0  TBCs: .000, .000, .000, .000, .000  Props: 1.000, 1.000, 1.000, 1.000, 1.000
